<?xml version="1.0" encoding="UTF-8"?>
<!-- Generated by org.testng.reporters.JUnitXMLReporter -->
<testsuite ignored="0" hostname="LAPTOP-2LC0RIUA" failures="1" tests="1" name="Test2" time="11.237" errors="0" timestamp="2022-08-11T19:26:44 IST">
  <testcase classname="task.GmailLogin" name="login" time="6.941">
    <failure type="org.openqa.selenium.ElementClickInterceptedException" message="element click intercepted: Element &amp;lt;span jsname=&amp;quot;V67aGc&amp;quot; class=&amp;quot;VfPpkd-vQzf8d&amp;quot;&amp;gt;...&amp;lt;/span&amp;gt; is not clickable at point (827, 446). Other element would receive the click: &amp;lt;div class=&amp;quot;VfPpkd-RLmnJb&amp;quot;&amp;gt;&amp;lt;/div&amp;gt;
  (Session info: MicrosoftEdge=104.0.1293.47)
Build info: version: &amp;apos;4.3.0&amp;apos;, revision: &amp;apos;a4995e2c09*&amp;apos;
System info: host: &amp;apos;LAPTOP-2LC0RIUA&amp;apos;, ip: &amp;apos;192.168.0.142&amp;apos;, os.name: &amp;apos;Windows 11&amp;apos;, os.arch: &amp;apos;amd64&amp;apos;, os.version: &amp;apos;10.0&amp;apos;, java.version: &amp;apos;17.0.2&amp;apos;
Driver info: org.openqa.selenium.edge.EdgeDriver
Command: [eac604eb74ffcf9391327dca771c1a40, clickElement {id=52ad7536-de29-4998-bbb3-0433abb34372}]
Capabilities {acceptInsecureCerts: false, browserName: msedge, browserVersion: 104.0.1293.47, ms:edgeOptions: {debuggerAddress: localhost:51738}, msedge: {msedgedriverVersion: 104.0.1293.47 (246533a39fec..., userDataDir: C:\Users\Sushil\AppData\Loc...}, networkConnectionEnabled: false, pageLoadStrategy: normal, platformName: WINDOWS, proxy: Proxy(), se:cdp: ws://localhost:51738/devtoo..., se:cdpVersion: 104.0.1293.47, setWindowRect: true, strictFileInteractability: false, timeouts: {implicit: 0, pageLoad: 300000, script: 30000}, unhandledPromptBehavior: dismiss and notify, webauthn:extension:credBlob: true, webauthn:extension:largeBlob: true, webauthn:virtualAuthenticators: true}
Element: [[EdgeDriver: msedge on WINDOWS (eac604eb74ffcf9391327dca771c1a40)] -&amp;gt; xpath: //span[contains(text(),&amp;apos;Next&amp;apos;)]]
Session ID: eac604eb74ffcf9391327dca771c1a40">
      <![CDATA[org.openqa.selenium.ElementClickInterceptedException: element click intercepted: Element <span jsname="V67aGc" class="VfPpkd-vQzf8d">...</span> is not clickable at point (827, 446). Other element would receive the click: <div class="VfPpkd-RLmnJb"></div>
  (Session info: MicrosoftEdge=104.0.1293.47)
Build info: version: '4.3.0', revision: 'a4995e2c09*'
System info: host: 'LAPTOP-2LC0RIUA', ip: '192.168.0.142', os.name: 'Windows 11', os.arch: 'amd64', os.version: '10.0', java.version: '17.0.2'
Driver info: org.openqa.selenium.edge.EdgeDriver
Command: [eac604eb74ffcf9391327dca771c1a40, clickElement {id=52ad7536-de29-4998-bbb3-0433abb34372}]
Capabilities {acceptInsecureCerts: false, browserName: msedge, browserVersion: 104.0.1293.47, ms:edgeOptions: {debuggerAddress: localhost:51738}, msedge: {msedgedriverVersion: 104.0.1293.47 (246533a39fec..., userDataDir: C:\Users\Sushil\AppData\Loc...}, networkConnectionEnabled: false, pageLoadStrategy: normal, platformName: WINDOWS, proxy: Proxy(), se:cdp: ws://localhost:51738/devtoo..., se:cdpVersion: 104.0.1293.47, setWindowRect: true, strictFileInteractability: false, timeouts: {implicit: 0, pageLoad: 300000, script: 30000}, unhandledPromptBehavior: dismiss and notify, webauthn:extension:credBlob: true, webauthn:extension:largeBlob: true, webauthn:virtualAuthenticators: true}
Element: [[EdgeDriver: msedge on WINDOWS (eac604eb74ffcf9391327dca771c1a40)] -> xpath: //span[contains(text(),'Next')]]
Session ID: eac604eb74ffcf9391327dca771c1a40
at org.openqa.selenium.remote.codec.w3c.W3CHttpResponseCodec.createException(W3CHttpResponseCodec.java:200)
at org.openqa.selenium.remote.codec.w3c.W3CHttpResponseCodec.decode(W3CHttpResponseCodec.java:133)
at org.openqa.selenium.remote.codec.w3c.W3CHttpResponseCodec.decode(W3CHttpResponseCodec.java:53)
at org.openqa.selenium.remote.HttpCommandExecutor.execute(HttpCommandExecutor.java:184)
at org.openqa.selenium.remote.service.DriverCommandExecutor.invokeExecute(DriverCommandExecutor.java:167)
at org.openqa.selenium.remote.service.DriverCommandExecutor.execute(DriverCommandExecutor.java:142)
at org.openqa.selenium.remote.RemoteWebDriver.execute(RemoteWebDriver.java:569)
at org.openqa.selenium.remote.RemoteWebElement.execute(RemoteWebElement.java:257)
at org.openqa.selenium.remote.RemoteWebElement.click(RemoteWebElement.java:78)
at task.GmailLogin.login(GmailLogin.java:71)
at java.base/java.util.ArrayList.forEach(ArrayList.java:1511)
at java.base/java.util.concurrent.FutureTask.run(FutureTask.java:264)
at java.base/java.util.concurrent.ThreadPoolExecutor.runWorker(ThreadPoolExecutor.java:1136)
at java.base/java.util.concurrent.ThreadPoolExecutor$Worker.run(ThreadPoolExecutor.java:635)
at java.base/java.lang.Thread.run(Thread.java:833)
... Removed 22 stack frames]]>
    </failure>
  </testcase> <!-- login -->
</testsuite> <!-- Test2 -->
